<?xml version="1.0" encoding="UTF-8"?>
<testsuite name="com.crud.crud.CrudApplicationTests" tests="1" skipped="0" failures="0" errors="0" timestamp="2024-10-17T05:02:52" hostname="DESKTOP-8H2V6K6" time="0.893">
  <properties/>
  <testcase name="contextLoads()" classname="com.crud.crud.CrudApplicationTests" time="0.893"/>
  <system-out><![CDATA[00:02:45.029 [Test worker] INFO org.springframework.test.context.support.AnnotationConfigContextLoaderUtils -- Could not detect default configuration classes for test class [com.crud.crud.CrudApplicationTests]: CrudApplicationTests does not declare any static, non-private, non-final, nested classes annotated with @Configuration.
00:02:45.144 [Test worker] INFO org.springframework.boot.test.context.SpringBootTestContextBootstrapper -- Found @SpringBootConfiguration com.crud.crud.CrudApplication for test class com.crud.crud.CrudApplicationTests

  .   ____          _            __ _ _
 /\\ / ___'_ __ _ _(_)_ __  __ _ \ \ \ \
( ( )\___ | '_ | '_| | '_ \/ _` | \ \ \ \
 \\/  ___)| |_)| | | | | || (_| |  ) ) ) )
  '  |____| .__|_| |_|_| |_\__, | / / / /
 =========|_|==============|___/=/_/_/_/

 :: Spring Boot ::                (v3.3.4)

2024-10-17T00:02:45.613-05:00  INFO 2720 --- [crud] [    Test worker] com.crud.crud.CrudApplicationTests       : Starting CrudApplicationTests using Java 17.0.11 with PID 2720 (started by Camilo in C:\Users\Camilo\git\crud)
2024-10-17T00:02:45.619-05:00  INFO 2720 --- [crud] [    Test worker] com.crud.crud.CrudApplicationTests       : No active profile set, falling back to 1 default profile: "default"
2024-10-17T00:02:46.862-05:00  INFO 2720 --- [crud] [    Test worker] .s.d.r.c.RepositoryConfigurationDelegate : Bootstrapping Spring Data JPA repositories in DEFAULT mode.
2024-10-17T00:02:46.910-05:00  INFO 2720 --- [crud] [    Test worker] .s.d.r.c.RepositoryConfigurationDelegate : Finished Spring Data repository scanning in 42 ms. Found 1 JPA repository interface.
2024-10-17T00:02:47.832-05:00  INFO 2720 --- [crud] [    Test worker] o.hibernate.jpa.internal.util.LogHelper  : HHH000204: Processing PersistenceUnitInfo [name: default]
2024-10-17T00:02:47.923-05:00  INFO 2720 --- [crud] [    Test worker] org.hibernate.Version                    : HHH000412: Hibernate ORM core version 6.5.3.Final
2024-10-17T00:02:47.972-05:00  INFO 2720 --- [crud] [    Test worker] o.h.c.internal.RegionFactoryInitiator    : HHH000026: Second-level cache disabled
2024-10-17T00:02:48.480-05:00  INFO 2720 --- [crud] [    Test worker] o.s.o.j.p.SpringPersistenceUnitInfo      : No LoadTimeWeaver setup: ignoring JPA class transformer
2024-10-17T00:02:48.543-05:00  INFO 2720 --- [crud] [    Test worker] com.zaxxer.hikari.HikariDataSource       : HikariPool-1 - Starting...
2024-10-17T00:02:48.789-05:00  INFO 2720 --- [crud] [    Test worker] com.zaxxer.hikari.pool.HikariPool        : HikariPool-1 - Added connection com.mysql.cj.jdbc.ConnectionImpl@5f9a8ddc
2024-10-17T00:02:48.789-05:00  INFO 2720 --- [crud] [    Test worker] com.zaxxer.hikari.HikariDataSource       : HikariPool-1 - Start completed.
2024-10-17T00:02:48.861-05:00  WARN 2720 --- [crud] [    Test worker] org.hibernate.dialect.Dialect            : HHH000511: The 5.5.5 version for [org.hibernate.dialect.MySQLDialect] is no longer supported, hence certain features may not work properly. The minimum supported version is 8.0.0. Check the community dialects project for available legacy versions.
2024-10-17T00:02:48.870-05:00  WARN 2720 --- [crud] [    Test worker] org.hibernate.orm.deprecation            : HHH90000025: MySQLDialect does not need to be specified explicitly using 'hibernate.dialect' (remove the property setting and it will be selected by default)
2024-10-17T00:02:49.929-05:00  INFO 2720 --- [crud] [    Test worker] o.h.e.t.j.p.i.JtaPlatformInitiator       : HHH000489: No JTA platform available (set 'hibernate.transaction.jta.platform' to enable JTA platform integration)
Hibernate: alter table user modify column password varchar(255)
Hibernate: alter table user modify column user varchar(255)
2024-10-17T00:02:50.019-05:00  INFO 2720 --- [crud] [    Test worker] j.LocalContainerEntityManagerFactoryBean : Initialized JPA EntityManagerFactory for persistence unit 'default'
2024-10-17T00:02:50.849-05:00  WARN 2720 --- [crud] [    Test worker] JpaBaseConfiguration$JpaWebConfiguration : spring.jpa.open-in-view is enabled by default. Therefore, database queries may be performed during view rendering. Explicitly configure spring.jpa.open-in-view to disable this warning
2024-10-17T00:02:52.659-05:00  INFO 2720 --- [crud] [    Test worker] o.s.b.a.e.web.EndpointLinksResolver      : Exposing 1 endpoint beneath base path '/actuator'
2024-10-17T00:02:52.849-05:00  INFO 2720 --- [crud] [    Test worker] com.crud.crud.CrudApplicationTests       : Started CrudApplicationTests in 7.51 seconds (process running for 9.002)
]]></system-out>
  <system-err><![CDATA[]]></system-err>
</testsuite>
